警告Lv1:Characters\CHARA0.csv:11行目:base.csvに"容貌"の定義がありません
基礎,容貌,75
警告Lv1:Characters\CHARA0.csv:13行目:talent.csvに"女性"の定義がありません
素質,女性,1
関数の終端でエラーが発生しました:Emuera1824
予期しないスクリプト終端です
get_unique_id()
20211121051113335
get_unique_id()
20211120715026150
get_unique_id()
20211120312274559
get_unique_id()
20211119947198246
get_unique_id()
20211120926414292
get_unique_id()
20211119620383162
get_unique_id()
20211120470217653
get_unique_id()
20211120157900220
get_unique_id()
20211119667391090
get_unique_id()
20211119912986344
get_unique_id()
20211119743953513
get_unique_id()
20211121184542412
get_unique_id()
20211121504617393
get_unique_id()
20211120921899506
get_unique_id()
20211120155555166
get_unique_id()
20211120505551226
get_unique_id()
20211120045836293
get_unique_id()
20211121216567819
get_unique_id()
20211120705278818
